<?xml version="1.0" encoding="UTF-8"?>
<!-- Generated by org.testng.reporters.JUnitReportReporter -->
<testsuite hostname="SweetHome" failures="0" tests="1" name="feature.Scrolling" time="16.809" errors="0" timestamp="2023-06-09T11:50:37 IST" skipped="0">
  <testcase classname="feature.Scrolling" name="scrollingDom" time="16.809"/>
  <system-out/>
</testsuite> <!-- feature.Scrolling -->
