<?xml version="1.0" encoding="UTF-8"?>
<!-- Generated by org.testng.reporters.JUnitReportReporter -->
<testsuite hostname="SweetHome" failures="0" tests="1" name="feature.WindowHandles" time="6.059" errors="0" timestamp="2023-02-03T19:13:43 IST" skipped="0">
  <testcase classname="feature.WindowHandles" name="winHandle" time="6.059"/>
  <system-out/>
</testsuite> <!-- feature.WindowHandles -->
