<?xml version="1.0" encoding="UTF-8"?>
<!-- Generated by org.testng.reporters.JUnitReportReporter -->
<testsuite hostname="SweetHome" failures="0" tests="1" name="com.extentreports.Extentreport" time="0.814" errors="0" timestamp="2023-02-05T18:53:13 IST" skipped="0">
  <testcase classname="com.extentreports.Extentreport" name="extentreport" time="0.814"/>
  <system-out/>
</testsuite> <!-- com.extentreports.Extentreport -->
