<?xml version="1.0" encoding="UTF-8"?>
<!-- Generated by org.testng.reporters.JUnitReportReporter -->
<testsuite hostname="SweetHome" failures="0" tests="1" name="feature.Intialize" time="3.448" errors="0" timestamp="2023-02-03T10:31:43 IST" skipped="0">
  <testcase classname="feature.Intialize" name="test" time="3.448"/>
  <system-out/>
</testsuite> <!-- feature.Intialize -->
