<?xml version="1.0" encoding="UTF-8"?>
<!-- Generated by org.testng.reporters.JUnitReportReporter -->
<testsuite hostname="SweetHome" failures="0" tests="1" name="com.extentreports.Extentreports" time="0.906" errors="0" timestamp="2023-02-05T18:36:29 IST" skipped="0">
  <testcase classname="com.extentreports.Extentreports" name="extentreport" time="0.906"/>
  <system-out/>
</testsuite> <!-- com.extentreports.Extentreports -->
