<?xml version="1.0" encoding="UTF-8"?>
<!-- Generated by org.testng.reporters.JUnitReportReporter -->
<testsuite hostname="SweetHome" failures="0" tests="1" name="feature.Practice" time="27.539" errors="0" timestamp="2023-07-21T19:04:57 IST" skipped="0">
  <testcase classname="feature.Practice" name="Invoke" time="27.539"/>
  <system-out/>
</testsuite> <!-- feature.Practice -->
