<?xml version="1.0" encoding="UTF-8"?>
<!-- Generated by org.testng.reporters.JUnitReportReporter -->
<testsuite hostname="SweetHome" failures="0" tests="1" name="feature.Dropdowns" time="7.729" errors="0" timestamp="2023-02-04T10:50:11 IST" skipped="0">
  <testcase classname="feature.Dropdowns" name="dropDown" time="7.729"/>
  <system-out/>
</testsuite> <!-- feature.Dropdowns -->
