<?xml version="1.0" encoding="UTF-8"?>
<!-- Generated by org.testng.reporters.JUnitReportReporter -->
<testsuite hostname="SweetHome" failures="0" tests="1" name="feature.CollectionTest" time="4.524" errors="0" timestamp="2023-02-03T19:47:01 IST" skipped="0">
  <testcase classname="feature.CollectionTest" name="Hashmap" time="4.524"/>
  <system-out/>
</testsuite> <!-- feature.CollectionTest -->
