<?xml version="1.0" encoding="UTF-8"?>
<!-- Generated by org.testng.reporters.JUnitReportReporter -->
<testsuite hostname="SweetHome" failures="0" tests="1" name="feature.AutosugessionsTest" time="4.950" errors="0" timestamp="2023-02-03T19:47:01 IST" skipped="0">
  <testcase classname="feature.AutosugessionsTest" name="test" time="4.950"/>
  <system-out/>
</testsuite> <!-- feature.AutosugessionsTest -->
